{"/Users/jianghe/Desktop/jianghe_ws/sand-libs/packages/sand-mystery/examples/index.js": {"path":"/Users/jianghe/Desktop/jianghe_ws/sand-libs/packages/sand-mystery/examples/index.js","statementMap":{"0":{"start":{"line":1,"column":13},"end":{"line":1,"column":28}},"1":{"start":{"line":2,"column":16},"end":{"line":2,"column":46}},"2":{"start":{"line":12,"column":2},"end":{"line":17,"column":4}},"3":{"start":{"line":28,"column":2},"end":{"line":33,"column":4}},"4":{"start":{"line":36,"column":0},"end":{"line":39,"column":2}}},"fnMap":{"0":{"name":"encrypt","decl":{"start":{"line":11,"column":9},"end":{"line":11,"column":16}},"loc":{"start":{"line":11,"column":19},"end":{"line":18,"column":1}},"line":11},"1":{"name":"decrypt","decl":{"start":{"line":27,"column":9},"end":{"line":27,"column":16}},"loc":{"start":{"line":27,"column":19},"end":{"line":34,"column":1}},"line":27}},"branchMap":{},"s":{"0":1,"1":1,"2":1,"3":1,"4":1},"f":{"0":1,"1":1},"b":{},"_coverageSchema":"1a1c01bbd47fc00a2c39e90264f33305004495a9","hash":"63d12f4d239a3ac7dab9bc9eb060522e2ec55156"}
,"/Users/jianghe/Desktop/jianghe_ws/sand-libs/packages/sand-mystery/src/common/utils.js": {"path":"/Users/jianghe/Desktop/jianghe_ws/sand-libs/packages/sand-mystery/src/common/utils.js","statementMap":{"0":{"start":{"line":1,"column":11},"end":{"line":1,"column":24}},"1":{"start":{"line":2,"column":13},"end":{"line":2,"column":28}},"2":{"start":{"line":3,"column":13},"end":{"line":3,"column":28}},"3":{"start":{"line":4,"column":12},"end":{"line":4,"column":26}},"4":{"start":{"line":5,"column":16},"end":{"line":5,"column":34}},"5":{"start":{"line":6,"column":15},"end":{"line":6,"column":32}},"6":{"start":{"line":17,"column":19},"end":{"line":17,"column":26}},"7":{"start":{"line":19,"column":17},"end":{"line":19,"column":19}},"8":{"start":{"line":21,"column":16},"end":{"line":21,"column":18}},"9":{"start":{"line":23,"column":19},"end":{"line":23,"column":21}},"10":{"start":{"line":25,"column":19},"end":{"line":25,"column":40}},"11":{"start":{"line":27,"column":17},"end":{"line":27,"column":34}},"12":{"start":{"line":29,"column":19},"end":{"line":29,"column":32}},"13":{"start":{"line":30,"column":2},"end":{"line":37,"column":3}},"14":{"start":{"line":32,"column":4},"end":{"line":32,"column":39}},"15":{"start":{"line":34,"column":4},"end":{"line":34,"column":37}},"16":{"start":{"line":36,"column":4},"end":{"line":36,"column":47}},"17":{"start":{"line":38,"column":2},"end":{"line":45,"column":4}},"18":{"start":{"line":57,"column":19},"end":{"line":57,"column":54}},"19":{"start":{"line":59,"column":25},"end":{"line":59,"column":74}},"20":{"start":{"line":61,"column":15},"end":{"line":61,"column":32}},"21":{"start":{"line":64,"column":2},"end":{"line":83,"column":5}},"22":{"start":{"line":66,"column":14},"end":{"line":69,"column":6}},"23":{"start":{"line":71,"column":14},"end":{"line":73,"column":6}},"24":{"start":{"line":75,"column":4},"end":{"line":80,"column":7}},"25":{"start":{"line":77,"column":6},"end":{"line":79,"column":9}},"26":{"start":{"line":82,"column":4},"end":{"line":82,"column":42}},"27":{"start":{"line":94,"column":2},"end":{"line":114,"column":3}},"28":{"start":{"line":96,"column":4},"end":{"line":96,"column":22}},"29":{"start":{"line":97,"column":4},"end":{"line":102,"column":5}},"30":{"start":{"line":99,"column":6},"end":{"line":101,"column":9}},"31":{"start":{"line":105,"column":24},"end":{"line":105,"column":41}},"32":{"start":{"line":107,"column":4},"end":{"line":109,"column":7}},"33":{"start":{"line":111,"column":4},"end":{"line":113,"column":7}},"34":{"start":{"line":112,"column":6},"end":{"line":112,"column":59}},"35":{"start":{"line":123,"column":2},"end":{"line":125,"column":5}},"36":{"start":{"line":124,"column":4},"end":{"line":124,"column":57}},"37":{"start":{"line":134,"column":23},"end":{"line":134,"column":47}},"38":{"start":{"line":136,"column":2},"end":{"line":136,"column":27}},"39":{"start":{"line":137,"column":2},"end":{"line":137,"column":22}},"40":{"start":{"line":147,"column":15},"end":{"line":147,"column":22}},"41":{"start":{"line":150,"column":50},"end":{"line":153,"column":3}},"42":{"start":{"line":156,"column":23},"end":{"line":156,"column":38}},"43":{"start":{"line":159,"column":20},"end":{"line":159,"column":38}},"44":{"start":{"line":161,"column":25},"end":{"line":161,"column":51}},"45":{"start":{"line":164,"column":13},"end":{"line":164,"column":46}},"46":{"start":{"line":173,"column":17},"end":{"line":173,"column":70}},"47":{"start":{"line":178,"column":18},"end":{"line":184,"column":3}},"48":{"start":{"line":186,"column":2},"end":{"line":191,"column":3}},"49":{"start":{"line":188,"column":4},"end":{"line":190,"column":6}},"50":{"start":{"line":194,"column":20},"end":{"line":194,"column":45}},"51":{"start":{"line":195,"column":25},"end":{"line":195,"column":55}},"52":{"start":{"line":197,"column":2},"end":{"line":197,"column":37}},"53":{"start":{"line":200,"column":0},"end":{"line":205,"column":2}}},"fnMap":{"0":{"name":"getFileBaseInfo","decl":{"start":{"line":15,"column":9},"end":{"line":15,"column":24}},"loc":{"start":{"line":15,"column":40},"end":{"line":46,"column":1}},"line":15},"1":{"name":"reduceFolderSync","decl":{"start":{"line":55,"column":9},"end":{"line":55,"column":25}},"loc":{"start":{"line":55,"column":37},"end":{"line":84,"column":1}},"line":55},"2":{"name":"(anonymous_2)","decl":{"start":{"line":64,"column":21},"end":{"line":64,"column":22}},"loc":{"start":{"line":64,"column":42},"end":{"line":83,"column":3}},"line":64},"3":{"name":"(anonymous_3)","decl":{"start":{"line":75,"column":18},"end":{"line":75,"column":19}},"loc":{"start":{"line":75,"column":25},"end":{"line":80,"column":5}},"line":75},"4":{"name":"mergeStream","decl":{"start":{"line":93,"column":9},"end":{"line":93,"column":20}},"loc":{"start":{"line":93,"column":67},"end":{"line":115,"column":1}},"line":93},"5":{"name":"(anonymous_5)","decl":{"start":{"line":111,"column":26},"end":{"line":111,"column":27}},"loc":{"start":{"line":111,"column":32},"end":{"line":113,"column":5}},"line":111},"6":{"name":"mergeStreamSync","decl":{"start":{"line":122,"column":9},"end":{"line":122,"column":24}},"loc":{"start":{"line":122,"column":54},"end":{"line":126,"column":1}},"line":122},"7":{"name":"(anonymous_7)","decl":{"start":{"line":123,"column":21},"end":{"line":123,"column":22}},"loc":{"start":{"line":123,"column":42},"end":{"line":125,"column":3}},"line":123},"8":{"name":"bufferToStream","decl":{"start":{"line":132,"column":9},"end":{"line":132,"column":23}},"loc":{"start":{"line":132,"column":32},"end":{"line":138,"column":1}},"line":132},"9":{"name":"splitStreamSync","decl":{"start":{"line":145,"column":9},"end":{"line":145,"column":24}},"loc":{"start":{"line":145,"column":43},"end":{"line":198,"column":1}},"line":145}},"branchMap":{"0":{"loc":{"start":{"line":30,"column":2},"end":{"line":37,"column":3}},"type":"if","locations":[{"start":{"line":30,"column":2},"end":{"line":37,"column":3}},{"start":{"line":30,"column":2},"end":{"line":37,"column":3}}],"line":30},"1":{"loc":{"start":{"line":30,"column":6},"end":{"line":30,"column":31}},"type":"binary-expr","locations":[{"start":{"line":30,"column":6},"end":{"line":30,"column":12}},{"start":{"line":30,"column":16},"end":{"line":30,"column":31}}],"line":30},"2":{"loc":{"start":{"line":93,"column":21},"end":{"line":93,"column":35}},"type":"default-arg","locations":[{"start":{"line":93,"column":33},"end":{"line":93,"column":35}}],"line":93},"3":{"loc":{"start":{"line":94,"column":2},"end":{"line":114,"column":3}},"type":"if","locations":[{"start":{"line":94,"column":2},"end":{"line":114,"column":3}},{"start":{"line":94,"column":2},"end":{"line":114,"column":3}}],"line":94},"4":{"loc":{"start":{"line":97,"column":4},"end":{"line":102,"column":5}},"type":"if","locations":[{"start":{"line":97,"column":4},"end":{"line":102,"column":5}},{"start":{"line":97,"column":4},"end":{"line":102,"column":5}}],"line":97},"5":{"loc":{"start":{"line":122,"column":25},"end":{"line":122,"column":39}},"type":"default-arg","locations":[{"start":{"line":122,"column":37},"end":{"line":122,"column":39}}],"line":122},"6":{"loc":{"start":{"line":186,"column":2},"end":{"line":191,"column":3}},"type":"if","locations":[{"start":{"line":186,"column":2},"end":{"line":191,"column":3}},{"start":{"line":186,"column":2},"end":{"line":191,"column":3}}],"line":186},"7":{"loc":{"start":{"line":186,"column":6},"end":{"line":186,"column":49}},"type":"binary-expr","locations":[{"start":{"line":186,"column":6},"end":{"line":186,"column":21}},{"start":{"line":186,"column":25},"end":{"line":186,"column":49}}],"line":186}},"s":{"0":1,"1":1,"2":1,"3":1,"4":1,"5":1,"6":2,"7":2,"8":2,"9":2,"10":2,"11":2,"12":2,"13":2,"14":2,"15":2,"16":2,"17":2,"18":1,"19":1,"20":1,"21":1,"22":1,"23":1,"24":1,"25":0,"26":1,"27":0,"28":0,"29":0,"30":0,"31":0,"32":0,"33":0,"34":0,"35":0,"36":0,"37":2,"38":2,"39":2,"40":1,"41":1,"42":1,"43":1,"44":1,"45":1,"46":1,"47":1,"48":1,"49":0,"50":1,"51":1,"52":1,"53":1},"f":{"0":2,"1":1,"2":1,"3":0,"4":0,"5":0,"6":0,"7":0,"8":2,"9":1},"b":{"0":[2,0],"1":[2,2],"2":[0],"3":[0,0],"4":[0,0],"5":[0],"6":[0,1],"7":[1,1]},"_coverageSchema":"1a1c01bbd47fc00a2c39e90264f33305004495a9","hash":"b7d22eb90acecadb834042cff8cc003732b4d0f5"}
,"/Users/jianghe/Desktop/jianghe_ws/sand-libs/packages/sand-mystery/src/pojo/Mystery.js": {"path":"/Users/jianghe/Desktop/jianghe_ws/sand-libs/packages/sand-mystery/src/pojo/Mystery.js","statementMap":{"0":{"start":{"line":3,"column":11},"end":{"line":3,"column":24}},"1":{"start":{"line":4,"column":13},"end":{"line":4,"column":28}},"2":{"start":{"line":5,"column":15},"end":{"line":5,"column":32}},"3":{"start":{"line":11,"column":4},"end":{"line":11,"column":30}},"4":{"start":{"line":21,"column":4},"end":{"line":27,"column":5}},"5":{"start":{"line":22,"column":28},"end":{"line":22,"column":71}},"6":{"start":{"line":24,"column":6},"end":{"line":24,"column":44}},"7":{"start":{"line":28,"column":4},"end":{"line":28,"column":20}},"8":{"start":{"line":38,"column":4},"end":{"line":44,"column":5}},"9":{"start":{"line":39,"column":28},"end":{"line":39,"column":73}},"10":{"start":{"line":41,"column":6},"end":{"line":41,"column":44}},"11":{"start":{"line":45,"column":4},"end":{"line":45,"column":20}},"12":{"start":{"line":60,"column":8},"end":{"line":60,"column":40}},"13":{"start":{"line":63,"column":31},"end":{"line":63,"column":63}},"14":{"start":{"line":66,"column":37},"end":{"line":66,"column":76}},"15":{"start":{"line":69,"column":28},"end":{"line":69,"column":66}},"16":{"start":{"line":72,"column":27},"end":{"line":72,"column":61}},"17":{"start":{"line":75,"column":24},"end":{"line":75,"column":56}},"18":{"start":{"line":78,"column":21},"end":{"line":78,"column":71}},"19":{"start":{"line":81,"column":4},"end":{"line":81,"column":34}},"20":{"start":{"line":84,"column":4},"end":{"line":91,"column":6}},"21":{"start":{"line":103,"column":43},"end":{"line":103,"column":76}},"22":{"start":{"line":106,"column":23},"end":{"line":106,"column":70}},"23":{"start":{"line":109,"column":23},"end":{"line":109,"column":67}},"24":{"start":{"line":110,"column":26},"end":{"line":110,"column":71}},"25":{"start":{"line":113,"column":24},"end":{"line":113,"column":56}},"26":{"start":{"line":115,"column":27},"end":{"line":115,"column":62}},"27":{"start":{"line":118,"column":4},"end":{"line":118,"column":35}},"28":{"start":{"line":119,"column":4},"end":{"line":119,"column":33}},"29":{"start":{"line":122,"column":4},"end":{"line":122,"column":61}},"30":{"start":{"line":126,"column":0},"end":{"line":126,"column":25}}},"fnMap":{"0":{"name":"(anonymous_0)","decl":{"start":{"line":19,"column":2},"end":{"line":19,"column":3}},"loc":{"start":{"line":19,"column":34},"end":{"line":29,"column":3}},"line":19},"1":{"name":"(anonymous_1)","decl":{"start":{"line":36,"column":2},"end":{"line":36,"column":3}},"loc":{"start":{"line":36,"column":34},"end":{"line":46,"column":3}},"line":36},"2":{"name":"(anonymous_2)","decl":{"start":{"line":55,"column":2},"end":{"line":55,"column":3}},"loc":{"start":{"line":55,"column":56},"end":{"line":92,"column":3}},"line":55},"3":{"name":"(anonymous_3)","decl":{"start":{"line":101,"column":2},"end":{"line":101,"column":3}},"loc":{"start":{"line":101,"column":59},"end":{"line":123,"column":3}},"line":101}},"branchMap":{},"s":{"0":1,"1":1,"2":1,"3":1,"4":0,"5":0,"6":0,"7":0,"8":1,"9":1,"10":1,"11":1,"12":1,"13":1,"14":0,"15":0,"16":0,"17":0,"18":0,"19":0,"20":0,"21":1,"22":1,"23":1,"24":1,"25":1,"26":1,"27":1,"28":1,"29":1,"30":1},"f":{"0":0,"1":1,"2":1,"3":1},"b":{},"_coverageSchema":"1a1c01bbd47fc00a2c39e90264f33305004495a9","hash":"6ce489ba4b52e169eb9026e05191a6fce3d22b84"}
}
