TN:
SF:packages/sand-mystery/examples/index.js
FN:11,encrypt
FN:27,decrypt
FNF:2
FNH:2
FNDA:1,encrypt
FNDA:1,decrypt
DA:1,1
DA:2,1
DA:12,1
DA:28,1
DA:36,1
LF:5
LH:5
BRF:0
BRH:0
end_of_record
TN:
SF:packages/sand-mystery/src/common/utils.js
FN:15,getFileBaseInfo
FN:55,reduceFolderSync
FN:64,(anonymous_2)
FN:75,(anonymous_3)
FN:93,mergeStream
FN:111,(anonymous_5)
FN:122,mergeStreamSync
FN:123,(anonymous_7)
FN:132,bufferToStream
FN:145,splitStreamSync
FNF:10
FNH:5
FNDA:2,getFileBaseInfo
FNDA:1,reduceFolderSync
FNDA:1,(anonymous_2)
FNDA:0,(anonymous_3)
FNDA:0,mergeStream
FNDA:0,(anonymous_5)
FNDA:0,mergeStreamSync
FNDA:0,(anonymous_7)
FNDA:2,bufferToStream
FNDA:1,splitStreamSync
DA:1,1
DA:2,1
DA:3,1
DA:4,1
DA:5,1
DA:6,1
DA:17,2
DA:19,2
DA:21,2
DA:23,2
DA:25,2
DA:27,2
DA:29,2
DA:30,2
DA:32,2
DA:34,2
DA:36,2
DA:38,2
DA:57,1
DA:59,1
DA:61,1
DA:64,1
DA:66,1
DA:71,1
DA:75,1
DA:77,0
DA:82,1
DA:94,0
DA:96,0
DA:97,0
DA:99,0
DA:105,0
DA:107,0
DA:111,0
DA:112,0
DA:123,0
DA:124,0
DA:134,2
DA:136,2
DA:137,2
DA:147,1
DA:150,1
DA:156,1
DA:159,1
DA:161,1
DA:164,1
DA:173,1
DA:178,1
DA:186,1
DA:188,0
DA:194,1
DA:195,1
DA:197,1
DA:200,1
LF:54
LH:42
BRDA:30,0,0,2
BRDA:30,0,1,0
BRDA:30,1,0,2
BRDA:30,1,1,2
BRDA:93,2,0,0
BRDA:94,3,0,0
BRDA:94,3,1,0
BRDA:97,4,0,0
BRDA:97,4,1,0
BRDA:122,5,0,0
BRDA:186,6,0,0
BRDA:186,6,1,1
BRDA:186,7,0,1
BRDA:186,7,1,1
BRF:14
BRH:6
end_of_record
TN:
SF:packages/sand-mystery/src/pojo/Mystery.js
FN:19,(anonymous_0)
FN:36,(anonymous_1)
FN:55,(anonymous_2)
FN:101,(anonymous_3)
FNF:4
FNH:3
FNDA:0,(anonymous_0)
FNDA:1,(anonymous_1)
FNDA:1,(anonymous_2)
FNDA:1,(anonymous_3)
DA:3,1
DA:4,1
DA:5,1
DA:11,1
DA:21,0
DA:22,0
DA:24,0
DA:28,0
DA:38,1
DA:39,1
DA:41,1
DA:45,1
DA:60,1
DA:63,1
DA:66,0
DA:69,0
DA:72,0
DA:75,0
DA:78,0
DA:81,0
DA:84,0
DA:103,1
DA:106,1
DA:109,1
DA:110,1
DA:113,1
DA:115,1
DA:118,1
DA:119,1
DA:122,1
DA:126,1
LF:31
LH:20
BRF:0
BRH:0
end_of_record
